[debug] [2022-11-24T10:19:06.025Z] ----------------------------------------------------------------------
[debug] [2022-11-24T10:19:06.027Z] Command:       C:\Program Files\nodejs\node.exe C:\Users\facun\AppData\Roaming\npm\node_modules\firebase-tools\lib\bin\firebase.js init
[debug] [2022-11-24T10:19:06.028Z] CLI Version:   11.16.1
[debug] [2022-11-24T10:19:06.029Z] Platform:      win32
[debug] [2022-11-24T10:19:06.029Z] Node Version:  v16.16.0
[debug] [2022-11-24T10:19:06.031Z] Time:          Thu Nov 24 2022 07:19:06 GMT-0300 (hora estándar de Brasilia)
[debug] [2022-11-24T10:19:06.031Z] ----------------------------------------------------------------------
[debug] 
[debug] [2022-11-24T10:19:06.044Z] > command requires scopes: ["email","openid","https://www.googleapis.com/auth/cloudplatformprojects.readonly","https://www.googleapis.com/auth/firebase","https://www.googleapis.com/auth/cloud-platform"]
[debug] [2022-11-24T10:19:06.045Z] > authorizing via signed-in user (lemurmediastudio@gmail.com)
[info] 
     ######## #### ########  ######## ########     ###     ######  ########
     ##        ##  ##     ## ##       ##     ##  ##   ##  ##       ##
     ######    ##  ########  ######   ########  #########  ######  ######
     ##        ##  ##    ##  ##       ##     ## ##     ##       ## ##
     ##       #### ##     ## ######## ########  ##     ##  ######  ########

You're about to initialize a Firebase project in this directory:

  C:\Users\facun\Desktop\PROGRAMACION\COSAS DEL GIT\UTN-ReactJS\TPFINAL

[info] 
=== Project Setup
[info] 
[info] First, let's associate this project directory with a Firebase project.
[info] You can create multiple project aliases by running firebase use --add, 
[info] but for now we'll just set up a default project.
[info] 
[debug] [2022-11-24T10:19:42.992Z] > refreshing access token with scopes: []
[debug] [2022-11-24T10:19:43.001Z] >>> [apiv2][query] POST https://www.googleapis.com/oauth2/v3/token [none]
[debug] [2022-11-24T10:19:43.002Z] >>> [apiv2][body] POST https://www.googleapis.com/oauth2/v3/token [omitted]
[debug] [2022-11-24T10:19:43.151Z] <<< [apiv2][status] POST https://www.googleapis.com/oauth2/v3/token 200
[debug] [2022-11-24T10:19:43.151Z] <<< [apiv2][body] POST https://www.googleapis.com/oauth2/v3/token [omitted]
[debug] [2022-11-24T10:19:43.167Z] >>> [apiv2][query] GET https://firebase.googleapis.com/v1beta1/projects pageSize=100
[debug] [2022-11-24T10:19:43.846Z] <<< [apiv2][status] GET https://firebase.googleapis.com/v1beta1/projects 200
[debug] [2022-11-24T10:19:43.846Z] <<< [apiv2][body] GET https://firebase.googleapis.com/v1beta1/projects [omitted]
